Started GET "/" for ::1 at 2018-09-14 10:39:28 +0530
  
ArgumentError (Missing :controller key on routes definition, please check your routes.):
  
config/routes.rb:3:in `block in <main>'
config/routes.rb:1:in `<main>'
Started GET "/" for ::1 at 2018-09-14 10:41:07 +0530
  
ActiveRecord::PendingMigrationError (

Migrations are pending. To resolve this issue, run:

        bin/rails db:migrate RAILS_ENV=development

):
  
activerecord (5.2.1) lib/active_record/migration.rb:579:in `check_pending!'
activerecord (5.2.1) lib/active_record/migration.rb:556:in `call'
actionpack (5.2.1) lib/action_dispatch/middleware/callbacks.rb:28:in `block in call'
activesupport (5.2.1) lib/active_support/callbacks.rb:98:in `run_callbacks'
actionpack (5.2.1) lib/action_dispatch/middleware/callbacks.rb:26:in `call'
actionpack (5.2.1) lib/action_dispatch/middleware/executor.rb:14:in `call'
actionpack (5.2.1) lib/action_dispatch/middleware/debug_exceptions.rb:61:in `call'
web-console (3.7.0) lib/web_console/middleware.rb:135:in `call_app'
web-console (3.7.0) lib/web_console/middleware.rb:30:in `block in call'
web-console (3.7.0) lib/web_console/middleware.rb:20:in `catch'
web-console (3.7.0) lib/web_console/middleware.rb:20:in `call'
actionpack (5.2.1) lib/action_dispatch/middleware/show_exceptions.rb:33:in `call'
railties (5.2.1) lib/rails/rack/logger.rb:38:in `call_app'
railties (5.2.1) lib/rails/rack/logger.rb:26:in `block in call'
activesupport (5.2.1) lib/active_support/tagged_logging.rb:71:in `block in tagged'
activesupport (5.2.1) lib/active_support/tagged_logging.rb:28:in `tagged'
activesupport (5.2.1) lib/active_support/tagged_logging.rb:71:in `tagged'
railties (5.2.1) lib/rails/rack/logger.rb:26:in `call'
sprockets-rails (3.2.1) lib/sprockets/rails/quiet_assets.rb:13:in `call'
actionpack (5.2.1) lib/action_dispatch/middleware/remote_ip.rb:81:in `call'
actionpack (5.2.1) lib/action_dispatch/middleware/request_id.rb:27:in `call'
rack (2.0.5) lib/rack/method_override.rb:22:in `call'
rack (2.0.5) lib/rack/runtime.rb:22:in `call'
activesupport (5.2.1) lib/active_support/cache/strategy/local_cache_middleware.rb:29:in `call'
actionpack (5.2.1) lib/action_dispatch/middleware/executor.rb:14:in `call'
actionpack (5.2.1) lib/action_dispatch/middleware/static.rb:127:in `call'
rack (2.0.5) lib/rack/sendfile.rb:111:in `call'
railties (5.2.1) lib/rails/engine.rb:524:in `call'
puma (3.12.0) lib/puma/configuration.rb:225:in `call'
puma (3.12.0) lib/puma/server.rb:658:in `handle_request'
puma (3.12.0) lib/puma/server.rb:472:in `process_client'
puma (3.12.0) lib/puma/server.rb:332:in `block in run'
puma (3.12.0) lib/puma/thread_pool.rb:133:in `block in spawn_thread'
  [1m[35m (1.2ms)[0m  [1m[34mSELECT sqlite_version(*)[0m
  ↳ bin/rails:9
  [1m[35m (2.5ms)[0m  [1m[35mCREATE TABLE "schema_migrations" ("version" varchar NOT NULL PRIMARY KEY)[0m
  ↳ bin/rails:9
  [1m[35m (2.6ms)[0m  [1m[35mCREATE TABLE "ar_internal_metadata" ("key" varchar NOT NULL PRIMARY KEY, "value" varchar, "created_at" datetime NOT NULL, "updated_at" datetime NOT NULL)[0m
  ↳ bin/rails:9
  [1m[35m (0.3ms)[0m  [1m[34mSELECT "schema_migrations"."version" FROM "schema_migrations" ORDER BY "schema_migrations"."version" ASC[0m
  ↳ bin/rails:9
Migrating to CreateExcavators (20180914045451)
  [1m[35m (0.2ms)[0m  [1m[36mbegin transaction[0m
  ↳ bin/rails:9
  [1m[35m (0.5ms)[0m  [1m[35mCREATE TABLE "excavators" ("id" integer PRIMARY KEY AUTOINCREMENT NOT NULL, "created_at" datetime NOT NULL, "updated_at" datetime NOT NULL)[0m
  ↳ db/migrate/20180914045451_create_excavators.rb:3
  [1m[36mActiveRecord::SchemaMigration Create (0.2ms)[0m  [1m[32mINSERT INTO "schema_migrations" ("version") VALUES (?)[0m  [["version", "20180914045451"]]
  ↳ bin/rails:9
  [1m[35m (2.0ms)[0m  [1m[36mcommit transaction[0m
  ↳ bin/rails:9
Migrating to CreateTickets (20180914045648)
  [1m[35m (0.1ms)[0m  [1m[36mbegin transaction[0m
  ↳ bin/rails:9
  [1m[35m (0.5ms)[0m  [1m[35mCREATE TABLE "tickets" ("id" integer PRIMARY KEY AUTOINCREMENT NOT NULL, "created_at" datetime NOT NULL, "updated_at" datetime NOT NULL)[0m
  ↳ db/migrate/20180914045648_create_tickets.rb:3
  [1m[36mActiveRecord::SchemaMigration Create (0.3ms)[0m  [1m[32mINSERT INTO "schema_migrations" ("version") VALUES (?)[0m  [["version", "20180914045648"]]
  ↳ bin/rails:9
  [1m[35m (2.0ms)[0m  [1m[36mcommit transaction[0m
  ↳ bin/rails:9
  [1m[36mActiveRecord::InternalMetadata Load (0.2ms)[0m  [1m[34mSELECT  "ar_internal_metadata".* FROM "ar_internal_metadata" WHERE "ar_internal_metadata"."key" = ? LIMIT ?[0m  [["key", "environment"], ["LIMIT", 1]]
  ↳ bin/rails:9
  [1m[35m (0.1ms)[0m  [1m[36mbegin transaction[0m
  ↳ bin/rails:9
  [1m[36mActiveRecord::InternalMetadata Create (0.4ms)[0m  [1m[32mINSERT INTO "ar_internal_metadata" ("key", "value", "created_at", "updated_at") VALUES (?, ?, ?, ?)[0m  [["key", "environment"], ["value", "development"], ["created_at", "2018-09-14 05:11:24.676693"], ["updated_at", "2018-09-14 05:11:24.676693"]]
  ↳ bin/rails:9
  [1m[35m (1.8ms)[0m  [1m[36mcommit transaction[0m
  ↳ bin/rails:9
  [1m[35m (0.2ms)[0m  [1m[34mSELECT "schema_migrations"."version" FROM "schema_migrations" ORDER BY "schema_migrations"."version" ASC[0m
  ↳ bin/rails:9
Started GET "/" for ::1 at 2018-09-14 10:42:01 +0530
  [1m[35m (0.2ms)[0m  [1m[34mSELECT "schema_migrations"."version" FROM "schema_migrations" ORDER BY "schema_migrations"."version" ASC[0m
  ↳ /Users/prakash_muthu/.rvm/gems/ruby-2.5.1/gems/activerecord-5.2.1/lib/active_record/log_subscriber.rb:98
Processing by TicketsController#index as HTML
  Rendering tickets/index.erb within layouts/application
  [1m[36mTicket Load (0.2ms)[0m  [1m[34mSELECT "tickets".* FROM "tickets"[0m
  ↳ app/views/tickets/index.erb:11
  Rendered tickets/index.erb within layouts/application (3.0ms)
Completed 200 OK in 821ms (Views: 800.6ms | ActiveRecord: 0.6ms)


Started GET "/" for ::1 at 2018-09-14 10:43:06 +0530
Processing by TicketsController#index as HTML
  Rendering tickets/index.erb within layouts/application
  [1m[36mTicket Load (0.2ms)[0m  [1m[34mSELECT "tickets".* FROM "tickets"[0m
  ↳ app/views/tickets/index.erb:11
  Rendered tickets/index.erb within layouts/application (1.8ms)
Completed 200 OK in 36ms (Views: 30.9ms | ActiveRecord: 0.2ms)


Started GET "/" for ::1 at 2018-09-14 10:43:11 +0530
Processing by TicketsController#index as HTML
  Rendering tickets/index.erb within layouts/application
  [1m[36mTicket Load (0.2ms)[0m  [1m[34mSELECT "tickets".* FROM "tickets"[0m
  ↳ app/views/tickets/index.erb:11
  Rendered tickets/index.erb within layouts/application (1.4ms)
Completed 200 OK in 33ms (Views: 28.8ms | ActiveRecord: 0.2ms)


Started GET "/" for ::1 at 2018-09-14 10:44:39 +0530
  [1m[35m (4.0ms)[0m  [1m[34mSELECT "schema_migrations"."version" FROM "schema_migrations" ORDER BY "schema_migrations"."version" ASC[0m
  ↳ /Users/prakash_muthu/.rvm/gems/ruby-2.5.1/gems/activerecord-5.2.1/lib/active_record/log_subscriber.rb:98
  
ActiveRecord::PendingMigrationError (

Migrations are pending. To resolve this issue, run:

        bin/rails db:migrate RAILS_ENV=development

):
  
activerecord (5.2.1) lib/active_record/migration.rb:579:in `check_pending!'
activerecord (5.2.1) lib/active_record/migration.rb:556:in `call'
actionpack (5.2.1) lib/action_dispatch/middleware/callbacks.rb:28:in `block in call'
activesupport (5.2.1) lib/active_support/callbacks.rb:98:in `run_callbacks'
actionpack (5.2.1) lib/action_dispatch/middleware/callbacks.rb:26:in `call'
actionpack (5.2.1) lib/action_dispatch/middleware/executor.rb:14:in `call'
actionpack (5.2.1) lib/action_dispatch/middleware/debug_exceptions.rb:61:in `call'
web-console (3.7.0) lib/web_console/middleware.rb:135:in `call_app'
web-console (3.7.0) lib/web_console/middleware.rb:30:in `block in call'
web-console (3.7.0) lib/web_console/middleware.rb:20:in `catch'
web-console (3.7.0) lib/web_console/middleware.rb:20:in `call'
actionpack (5.2.1) lib/action_dispatch/middleware/show_exceptions.rb:33:in `call'
railties (5.2.1) lib/rails/rack/logger.rb:38:in `call_app'
railties (5.2.1) lib/rails/rack/logger.rb:26:in `block in call'
activesupport (5.2.1) lib/active_support/tagged_logging.rb:71:in `block in tagged'
activesupport (5.2.1) lib/active_support/tagged_logging.rb:28:in `tagged'
activesupport (5.2.1) lib/active_support/tagged_logging.rb:71:in `tagged'
railties (5.2.1) lib/rails/rack/logger.rb:26:in `call'
sprockets-rails (3.2.1) lib/sprockets/rails/quiet_assets.rb:13:in `call'
actionpack (5.2.1) lib/action_dispatch/middleware/remote_ip.rb:81:in `call'
actionpack (5.2.1) lib/action_dispatch/middleware/request_id.rb:27:in `call'
rack (2.0.5) lib/rack/method_override.rb:22:in `call'
rack (2.0.5) lib/rack/runtime.rb:22:in `call'
activesupport (5.2.1) lib/active_support/cache/strategy/local_cache_middleware.rb:29:in `call'
actionpack (5.2.1) lib/action_dispatch/middleware/executor.rb:14:in `call'
actionpack (5.2.1) lib/action_dispatch/middleware/static.rb:127:in `call'
rack (2.0.5) lib/rack/sendfile.rb:111:in `call'
railties (5.2.1) lib/rails/engine.rb:524:in `call'
puma (3.12.0) lib/puma/configuration.rb:225:in `call'
puma (3.12.0) lib/puma/server.rb:658:in `handle_request'
puma (3.12.0) lib/puma/server.rb:472:in `process_client'
puma (3.12.0) lib/puma/server.rb:332:in `block in run'
puma (3.12.0) lib/puma/thread_pool.rb:133:in `block in spawn_thread'
Started GET "/" for ::1 at 2018-09-14 10:45:42 +0530
Processing by TicketsController#index as HTML
  Rendering tickets/index.erb within layouts/application
  [1m[36mTicket Load (4.8ms)[0m  [1m[34mSELECT "tickets".* FROM "tickets"[0m
  ↳ app/views/tickets/index.erb:11
  Rendered tickets/index.erb within layouts/application (35.4ms)
Completed 200 OK in 281ms (Views: 252.9ms | ActiveRecord: 13.0ms)


Started GET "/" for ::1 at 2018-09-14 10:47:51 +0530
Processing by TicketsController#index as HTML
  Rendering tickets/index.erb within layouts/application
  [1m[36mTicket Load (0.4ms)[0m  [1m[34mSELECT "tickets".* FROM "tickets"[0m
  ↳ app/views/tickets/index.erb:11
  Rendered tickets/index.erb within layouts/application (3.3ms)
Completed 200 OK in 43ms (Views: 36.7ms | ActiveRecord: 0.4ms)


Started GET "/" for ::1 at 2018-09-14 10:48:45 +0530
Processing by TicketsController#index as HTML
  Rendering tickets/index.erb within layouts/application
  [1m[36mTicket Load (2.2ms)[0m  [1m[34mSELECT "tickets".* FROM "tickets"[0m
  ↳ app/views/tickets/index.erb:12
  Rendered tickets/index.erb within layouts/application (6.8ms)
Completed 200 OK in 36ms (Views: 29.5ms | ActiveRecord: 2.2ms)


Started GET "/" for ::1 at 2018-09-14 10:50:59 +0530
Processing by TicketsController#index as HTML
  Rendering tickets/index.erb within layouts/application
  [1m[36mTicket Load (0.4ms)[0m  [1m[34mSELECT "tickets".* FROM "tickets"[0m
  ↳ app/views/tickets/index.erb:13
  Rendered tickets/index.erb within layouts/application (5.0ms)
Completed 200 OK in 34ms (Views: 27.6ms | ActiveRecord: 0.4ms)


Started GET "/tickets/1" for ::1 at 2018-09-14 10:51:27 +0530
Processing by TicketsController#show as HTML
  Parameters: {"id"=>"1"}
Completed 406 Not Acceptable in 128ms (ActiveRecord: 0.0ms)


  
ActionController::UnknownFormat (TicketsController#show is missing a template for this request format and variant.

request.formats: ["text/html"]
request.variant: []

NOTE! For XHR/Ajax or API requests, this action would normally respond with 204 No Content: an empty white screen. Since you're loading it in a web browser, we assume that you expected to actually render a template, not nothing, so we're showing an error to be extra-clear. If you expect 204 No Content, carry on. That's what you'll get from an XHR or API request. Give it a shot.):
  
actionpack (5.2.1) lib/action_controller/metal/implicit_render.rb:55:in `default_render'
actionpack (5.2.1) lib/action_controller/metal/basic_implicit_render.rb:6:in `block in send_action'
actionpack (5.2.1) lib/action_controller/metal/basic_implicit_render.rb:6:in `tap'
actionpack (5.2.1) lib/action_controller/metal/basic_implicit_render.rb:6:in `send_action'
actionpack (5.2.1) lib/abstract_controller/base.rb:194:in `process_action'
actionpack (5.2.1) lib/action_controller/metal/rendering.rb:30:in `process_action'
actionpack (5.2.1) lib/abstract_controller/callbacks.rb:42:in `block in process_action'
activesupport (5.2.1) lib/active_support/callbacks.rb:132:in `run_callbacks'
actionpack (5.2.1) lib/abstract_controller/callbacks.rb:41:in `process_action'
actionpack (5.2.1) lib/action_controller/metal/rescue.rb:22:in `process_action'
actionpack (5.2.1) lib/action_controller/metal/instrumentation.rb:34:in `block in process_action'
activesupport (5.2.1) lib/active_support/notifications.rb:168:in `block in instrument'
activesupport (5.2.1) lib/active_support/notifications/instrumenter.rb:23:in `instrument'
activesupport (5.2.1) lib/active_support/notifications.rb:168:in `instrument'
actionpack (5.2.1) lib/action_controller/metal/instrumentation.rb:32:in `process_action'
actionpack (5.2.1) lib/action_controller/metal/params_wrapper.rb:256:in `process_action'
activerecord (5.2.1) lib/active_record/railties/controller_runtime.rb:24:in `process_action'
actionpack (5.2.1) lib/abstract_controller/base.rb:134:in `process'
actionview (5.2.1) lib/action_view/rendering.rb:32:in `process'
actionpack (5.2.1) lib/action_controller/metal.rb:191:in `dispatch'
actionpack (5.2.1) lib/action_controller/metal.rb:252:in `dispatch'
actionpack (5.2.1) lib/action_dispatch/routing/route_set.rb:52:in `dispatch'
actionpack (5.2.1) lib/action_dispatch/routing/route_set.rb:34:in `serve'
actionpack (5.2.1) lib/action_dispatch/journey/router.rb:52:in `block in serve'
actionpack (5.2.1) lib/action_dispatch/journey/router.rb:35:in `each'
actionpack (5.2.1) lib/action_dispatch/journey/router.rb:35:in `serve'
actionpack (5.2.1) lib/action_dispatch/routing/route_set.rb:840:in `call'
rack (2.0.5) lib/rack/tempfile_reaper.rb:15:in `call'
rack (2.0.5) lib/rack/etag.rb:25:in `call'
rack (2.0.5) lib/rack/conditional_get.rb:25:in `call'
rack (2.0.5) lib/rack/head.rb:12:in `call'
actionpack (5.2.1) lib/action_dispatch/http/content_security_policy.rb:18:in `call'
rack (2.0.5) lib/rack/session/abstract/id.rb:232:in `context'
rack (2.0.5) lib/rack/session/abstract/id.rb:226:in `call'
actionpack (5.2.1) lib/action_dispatch/middleware/cookies.rb:670:in `call'
activerecord (5.2.1) lib/active_record/migration.rb:559:in `call'
actionpack (5.2.1) lib/action_dispatch/middleware/callbacks.rb:28:in `block in call'
activesupport (5.2.1) lib/active_support/callbacks.rb:98:in `run_callbacks'
actionpack (5.2.1) lib/action_dispatch/middleware/callbacks.rb:26:in `call'
actionpack (5.2.1) lib/action_dispatch/middleware/executor.rb:14:in `call'
actionpack (5.2.1) lib/action_dispatch/middleware/debug_exceptions.rb:61:in `call'
web-console (3.7.0) lib/web_console/middleware.rb:135:in `call_app'
web-console (3.7.0) lib/web_console/middleware.rb:30:in `block in call'
web-console (3.7.0) lib/web_console/middleware.rb:20:in `catch'
web-console (3.7.0) lib/web_console/middleware.rb:20:in `call'
actionpack (5.2.1) lib/action_dispatch/middleware/show_exceptions.rb:33:in `call'
railties (5.2.1) lib/rails/rack/logger.rb:38:in `call_app'
railties (5.2.1) lib/rails/rack/logger.rb:26:in `block in call'
activesupport (5.2.1) lib/active_support/tagged_logging.rb:71:in `block in tagged'
activesupport (5.2.1) lib/active_support/tagged_logging.rb:28:in `tagged'
activesupport (5.2.1) lib/active_support/tagged_logging.rb:71:in `tagged'
railties (5.2.1) lib/rails/rack/logger.rb:26:in `call'
sprockets-rails (3.2.1) lib/sprockets/rails/quiet_assets.rb:13:in `call'
actionpack (5.2.1) lib/action_dispatch/middleware/remote_ip.rb:81:in `call'
actionpack (5.2.1) lib/action_dispatch/middleware/request_id.rb:27:in `call'
rack (2.0.5) lib/rack/method_override.rb:22:in `call'
rack (2.0.5) lib/rack/runtime.rb:22:in `call'
activesupport (5.2.1) lib/active_support/cache/strategy/local_cache_middleware.rb:29:in `call'
actionpack (5.2.1) lib/action_dispatch/middleware/executor.rb:14:in `call'
actionpack (5.2.1) lib/action_dispatch/middleware/static.rb:127:in `call'
rack (2.0.5) lib/rack/sendfile.rb:111:in `call'
railties (5.2.1) lib/rails/engine.rb:524:in `call'
puma (3.12.0) lib/puma/configuration.rb:225:in `call'
puma (3.12.0) lib/puma/server.rb:658:in `handle_request'
puma (3.12.0) lib/puma/server.rb:472:in `process_client'
puma (3.12.0) lib/puma/server.rb:332:in `block in run'
puma (3.12.0) lib/puma/thread_pool.rb:133:in `block in spawn_thread'
Started GET "/tickets/1" for ::1 at 2018-09-14 10:52:10 +0530
Processing by TicketsController#show as HTML
  Parameters: {"id"=>"1"}
  Rendering tickets/show.erb within layouts/application
  Rendered tickets/show.erb within layouts/application (0.3ms)
Completed 200 OK in 32ms (Views: 28.0ms | ActiveRecord: 0.0ms)


Started GET "/tickets/1" for ::1 at 2018-09-14 10:52:14 +0530
Processing by TicketsController#show as HTML
  Parameters: {"id"=>"1"}
  Rendering tickets/show.erb within layouts/application
  Rendered tickets/show.erb within layouts/application (0.3ms)
Completed 200 OK in 32ms (Views: 28.9ms | ActiveRecord: 0.0ms)


Started GET "/tickets/1" for ::1 at 2018-09-14 10:59:13 +0530
Processing by TicketsController#show as HTML
  Parameters: {"id"=>"1"}
  Rendering tickets/show.erb within layouts/application
  [1m[36mExcavator Load (0.6ms)[0m  [1m[34mSELECT "excavators".* FROM "excavators" WHERE "excavators"."ticket_id" = $1[0m  [["ticket_id", 1]]
  ↳ app/views/tickets/show.erb:11
  Rendered tickets/show.erb within layouts/application (2.7ms)
Completed 200 OK in 38ms (Views: 21.6ms | ActiveRecord: 5.2ms)


Started GET "/tickets/1" for ::1 at 2018-09-14 10:59:18 +0530
Processing by TicketsController#show as HTML
  Parameters: {"id"=>"1"}
  Rendering tickets/show.erb within layouts/application
  [1m[36mExcavator Load (0.4ms)[0m  [1m[34mSELECT "excavators".* FROM "excavators" WHERE "excavators"."ticket_id" = $1[0m  [["ticket_id", 1]]
  ↳ app/views/tickets/show.erb:11
  Rendered tickets/show.erb within layouts/application (1.7ms)
Completed 200 OK in 30ms (Views: 25.1ms | ActiveRecord: 0.4ms)


Started GET "/tickets/1" for ::1 at 2018-09-14 10:59:25 +0530
Processing by TicketsController#show as HTML
  Parameters: {"id"=>"1"}
  Rendering tickets/show.erb within layouts/application
  [1m[36mExcavator Load (0.4ms)[0m  [1m[34mSELECT "excavators".* FROM "excavators" WHERE "excavators"."ticket_id" = $1[0m  [["ticket_id", 1]]
  ↳ app/views/tickets/show.erb:11
  Rendered tickets/show.erb within layouts/application (1.8ms)
Completed 200 OK in 32ms (Views: 26.7ms | ActiveRecord: 0.4ms)


Started GET "/tickets/1" for ::1 at 2018-09-14 10:59:29 +0530
Processing by TicketsController#show as HTML
  Parameters: {"id"=>"1"}
  Rendering tickets/show.erb within layouts/application
  [1m[36mExcavator Load (0.4ms)[0m  [1m[34mSELECT "excavators".* FROM "excavators" WHERE "excavators"."ticket_id" = $1[0m  [["ticket_id", 1]]
  ↳ app/views/tickets/show.erb:11
  Rendered tickets/show.erb within layouts/application (1.7ms)
Completed 200 OK in 32ms (Views: 26.7ms | ActiveRecord: 0.4ms)


Started GET "/tickets/1" for ::1 at 2018-09-14 10:59:30 +0530
Processing by TicketsController#show as HTML
  Parameters: {"id"=>"1"}
  Rendering tickets/show.erb within layouts/application
  [1m[36mExcavator Load (0.5ms)[0m  [1m[34mSELECT "excavators".* FROM "excavators" WHERE "excavators"."ticket_id" = $1[0m  [["ticket_id", 1]]
  ↳ app/views/tickets/show.erb:11
  Rendered tickets/show.erb within layouts/application (2.3ms)
Completed 200 OK in 38ms (Views: 32.3ms | ActiveRecord: 0.5ms)


Started GET "/tickets/1" for ::1 at 2018-09-14 10:59:33 +0530
Processing by TicketsController#show as HTML
  Parameters: {"id"=>"1"}
  Rendering tickets/show.erb within layouts/application
  [1m[36mExcavator Load (0.8ms)[0m  [1m[34mSELECT "excavators".* FROM "excavators" WHERE "excavators"."ticket_id" = $1[0m  [["ticket_id", 1]]
  ↳ app/views/tickets/show.erb:11
  Rendered tickets/show.erb within layouts/application (3.9ms)
Completed 200 OK in 36ms (Views: 30.7ms | ActiveRecord: 0.8ms)


Started GET "/" for ::1 at 2018-09-14 10:59:37 +0530
Processing by TicketsController#index as HTML
  Rendering tickets/index.erb within layouts/application
  [1m[36mTicket Load (3.8ms)[0m  [1m[34mSELECT "tickets".* FROM "tickets"[0m
  ↳ app/views/tickets/index.erb:13
  Rendered tickets/index.erb within layouts/application (23.1ms)
Completed 200 OK in 59ms (Views: 41.9ms | ActiveRecord: 8.0ms)


Started GET "/tickets/1" for ::1 at 2018-09-14 10:59:41 +0530
Processing by TicketsController#show as HTML
  Parameters: {"id"=>"1"}
  Rendering tickets/show.erb within layouts/application
  [1m[36mExcavator Load (0.6ms)[0m  [1m[34mSELECT "excavators".* FROM "excavators" WHERE "excavators"."ticket_id" = $1[0m  [["ticket_id", 1]]
  ↳ app/views/tickets/show.erb:11
  Rendered tickets/show.erb within layouts/application (2.9ms)
Completed 200 OK in 38ms (Views: 28.8ms | ActiveRecord: 0.6ms)


Started GET "/tickets/1" for ::1 at 2018-09-14 10:59:44 +0530
Processing by TicketsController#show as HTML
  Parameters: {"id"=>"1"}
  Rendering tickets/show.erb within layouts/application
  [1m[36mExcavator Load (3.2ms)[0m  [1m[34mSELECT "excavators".* FROM "excavators" WHERE "excavators"."ticket_id" = $1[0m  [["ticket_id", 1]]
  ↳ app/views/tickets/show.erb:11
  Rendered tickets/show.erb within layouts/application (5.2ms)
Completed 200 OK in 34ms (Views: 26.5ms | ActiveRecord: 3.2ms)


Started GET "/tickets/1" for ::1 at 2018-09-14 11:00:14 +0530
Processing by TicketsController#show as HTML
  Parameters: {"id"=>"1"}
  Rendering tickets/show.erb within layouts/application
  [1m[36mExcavator Load (0.5ms)[0m  [1m[34mSELECT "excavators".* FROM "excavators" WHERE "excavators"."ticket_id" = $1[0m  [["ticket_id", 1]]
  ↳ app/views/tickets/show.erb:11
  Rendered tickets/show.erb within layouts/application (3.2ms)
Completed 200 OK in 42ms (Views: 33.9ms | ActiveRecord: 0.4ms)


Started GET "/" for ::1 at 2018-09-14 11:00:23 +0530
Processing by TicketsController#index as HTML
  Rendering tickets/index.erb within layouts/application
  [1m[36mTicket Load (0.9ms)[0m  [1m[34mSELECT "tickets".* FROM "tickets"[0m
  ↳ app/views/tickets/index.erb:13
  Rendered tickets/index.erb within layouts/application (6.8ms)
Completed 200 OK in 38ms (Views: 32.7ms | ActiveRecord: 0.9ms)


Started GET "/tickets/1" for ::1 at 2018-09-14 11:00:45 +0530
Processing by TicketsController#show as HTML
  Parameters: {"id"=>"1"}
  Rendering tickets/show.erb within layouts/application
  [1m[36mExcavator Load (0.5ms)[0m  [1m[34mSELECT "excavators".* FROM "excavators" WHERE "excavators"."ticket_id" = $1[0m  [["ticket_id", 1]]
  ↳ app/views/tickets/show.erb:11
  Rendered tickets/show.erb within layouts/application (2.7ms)
Completed 200 OK in 36ms (Views: 30.8ms | ActiveRecord: 0.5ms)


Started GET "/tickets/1" for ::1 at 2018-09-14 11:01:19 +0530
Processing by TicketsController#show as HTML
  Parameters: {"id"=>"1"}
  Rendering tickets/show.erb within layouts/application
  [1m[36mExcavator Load (0.4ms)[0m  [1m[34mSELECT "excavators".* FROM "excavators" WHERE "excavators"."ticket_id" = $1[0m  [["ticket_id", 1]]
  ↳ app/views/tickets/show.erb:11
  Rendered tickets/show.erb within layouts/application (2.9ms)
Completed 200 OK in 31ms (Views: 23.7ms | ActiveRecord: 0.4ms)


Started GET "/tickets/1" for ::1 at 2018-09-14 11:01:28 +0530
Processing by TicketsController#show as HTML
  Parameters: {"id"=>"1"}
  Rendering tickets/show.erb within layouts/application
  [1m[36mExcavator Load (0.4ms)[0m  [1m[34mSELECT "excavators".* FROM "excavators" WHERE "excavators"."ticket_id" = $1[0m  [["ticket_id", 1]]
  ↳ app/views/tickets/show.erb:11
  Rendered tickets/show.erb within layouts/application (2.0ms)
Completed 200 OK in 34ms (Views: 30.1ms | ActiveRecord: 0.4ms)


Started GET "/tickets/1" for ::1 at 2018-09-14 11:01:45 +0530
Processing by TicketsController#show as HTML
  Parameters: {"id"=>"1"}
  Rendering tickets/show.erb within layouts/application
  [1m[36mExcavator Load (0.4ms)[0m  [1m[34mSELECT "excavators".* FROM "excavators" WHERE "excavators"."ticket_id" = $1[0m  [["ticket_id", 1]]
  ↳ app/views/tickets/show.erb:11
  Rendered tickets/show.erb within layouts/application (2.0ms)
Completed 200 OK in 29ms (Views: 25.4ms | ActiveRecord: 0.4ms)


Started GET "/tickets/1" for ::1 at 2018-09-14 11:02:25 +0530
Processing by TicketsController#show as HTML
  Parameters: {"id"=>"1"}
  Rendering tickets/show.erb within layouts/application
  [1m[36mExcavator Load (0.3ms)[0m  [1m[34mSELECT "excavators".* FROM "excavators" WHERE "excavators"."ticket_id" = $1[0m  [["ticket_id", 1]]
  ↳ app/views/tickets/show.erb:11
  Rendered tickets/show.erb within layouts/application (1.8ms)
Completed 200 OK in 30ms (Views: 25.6ms | ActiveRecord: 0.3ms)


Started GET "/" for ::1 at 2018-09-14 11:02:27 +0530
Processing by TicketsController#index as HTML
  Rendering tickets/index.erb within layouts/application
  [1m[36mTicket Load (0.7ms)[0m  [1m[34mSELECT "tickets".* FROM "tickets"[0m
  ↳ app/views/tickets/index.erb:13
  Rendered tickets/index.erb within layouts/application (5.2ms)
Completed 200 OK in 40ms (Views: 33.5ms | ActiveRecord: 0.7ms)


Started GET "/tickets/8" for ::1 at 2018-09-14 11:02:31 +0530
Processing by TicketsController#show as HTML
  Parameters: {"id"=>"8"}
  Rendering tickets/show.erb within layouts/application
  [1m[36mExcavator Load (0.5ms)[0m  [1m[34mSELECT "excavators".* FROM "excavators" WHERE "excavators"."ticket_id" = $1[0m  [["ticket_id", 8]]
  ↳ app/views/tickets/show.erb:11
  Rendered tickets/show.erb within layouts/application (12.9ms)
Completed 200 OK in 49ms (Views: 39.8ms | ActiveRecord: 3.2ms)


Started GET "/tickets/8" for ::1 at 2018-09-14 11:03:56 +0530
Processing by TicketsController#show as HTML
  Parameters: {"id"=>"8"}
  Rendering tickets/show.erb within layouts/application
  [1m[36mExcavator Load (0.4ms)[0m  [1m[34mSELECT "excavators".* FROM "excavators" WHERE "excavators"."ticket_id" = $1[0m  [["ticket_id", 8]]
  ↳ app/views/tickets/show.erb:11
  Rendered tickets/show.erb within layouts/application (2.2ms)
Completed 200 OK in 34ms (Views: 28.5ms | ActiveRecord: 0.4ms)


Started GET "/" for ::1 at 2018-09-14 11:04:10 +0530
Processing by TicketsController#index as HTML
  Rendering tickets/index.erb within layouts/application
  [1m[36mTicket Load (0.7ms)[0m  [1m[34mSELECT "tickets".* FROM "tickets"[0m
  ↳ app/views/tickets/index.erb:13
  Rendered tickets/index.erb within layouts/application (6.0ms)
Completed 200 OK in 45ms (Views: 34.0ms | ActiveRecord: 0.7ms)


Started GET "/tickets/2" for ::1 at 2018-09-14 11:04:12 +0530
Processing by TicketsController#show as HTML
  Parameters: {"id"=>"2"}
  Rendering tickets/show.erb within layouts/application
  [1m[36mExcavator Load (0.5ms)[0m  [1m[34mSELECT "excavators".* FROM "excavators" WHERE "excavators"."ticket_id" = $1[0m  [["ticket_id", 2]]
  ↳ app/views/tickets/show.erb:11
  Rendered tickets/show.erb within layouts/application (2.9ms)
Completed 200 OK in 38ms (Views: 30.2ms | ActiveRecord: 0.5ms)


Started GET "/" for ::1 at 2018-09-14 11:04:15 +0530
Processing by TicketsController#index as HTML
  Rendering tickets/index.erb within layouts/application
  [1m[36mTicket Load (0.9ms)[0m  [1m[34mSELECT "tickets".* FROM "tickets"[0m
  ↳ app/views/tickets/index.erb:13
  Rendered tickets/index.erb within layouts/application (7.5ms)
Completed 200 OK in 50ms (Views: 41.7ms | ActiveRecord: 0.9ms)


Started GET "/tickets/1" for ::1 at 2018-09-14 11:04:17 +0530
Processing by TicketsController#show as HTML
  Parameters: {"id"=>"1"}
  Rendering tickets/show.erb within layouts/application
  [1m[36mExcavator Load (0.5ms)[0m  [1m[34mSELECT "excavators".* FROM "excavators" WHERE "excavators"."ticket_id" = $1[0m  [["ticket_id", 1]]
  ↳ app/views/tickets/show.erb:11
  Rendered tickets/show.erb within layouts/application (2.7ms)
Completed 200 OK in 39ms (Views: 34.1ms | ActiveRecord: 0.5ms)


Started GET "/" for ::1 at 2018-09-14 11:04:43 +0530
Processing by TicketsController#index as HTML
  Rendering tickets/index.erb within layouts/application
  [1m[36mTicket Load (1.6ms)[0m  [1m[34mSELECT "tickets".* FROM "tickets"[0m
  ↳ app/views/tickets/index.erb:13
  Rendered tickets/index.erb within layouts/application (10.8ms)
Completed 200 OK in 60ms (Views: 51.7ms | ActiveRecord: 1.6ms)


Started GET "/" for ::1 at 2018-09-14 11:05:00 +0530
Processing by TicketsController#index as HTML
  Rendering tickets/index.erb within layouts/application
  [1m[36mTicket Load (0.4ms)[0m  [1m[34mSELECT "tickets".* FROM "tickets"[0m
  ↳ app/views/tickets/index.erb:13
  Rendered tickets/index.erb within layouts/application (4.0ms)
Completed 200 OK in 32ms (Views: 27.8ms | ActiveRecord: 0.4ms)


Started GET "/" for ::1 at 2018-09-14 11:05:06 +0530
Processing by TicketsController#index as HTML
  Rendering tickets/index.erb within layouts/application
  [1m[36mTicket Load (0.4ms)[0m  [1m[34mSELECT "tickets".* FROM "tickets"[0m
  ↳ app/views/tickets/index.erb:13
  Rendered tickets/index.erb within layouts/application (3.3ms)
Completed 200 OK in 31ms (Views: 27.4ms | ActiveRecord: 0.4ms)


Started GET "/tickets/5" for ::1 at 2018-09-14 11:05:28 +0530
Processing by TicketsController#show as HTML
  Parameters: {"id"=>"5"}
  Rendering tickets/show.erb within layouts/application
  [1m[36mExcavator Load (0.5ms)[0m  [1m[34mSELECT "excavators".* FROM "excavators" WHERE "excavators"."ticket_id" = $1[0m  [["ticket_id", 5]]
  ↳ app/views/tickets/show.erb:11
  Rendered tickets/show.erb within layouts/application (2.2ms)
Completed 200 OK in 48ms (Views: 40.9ms | ActiveRecord: 0.5ms)


Started GET "/" for ::1 at 2018-09-14 11:05:32 +0530
Processing by TicketsController#index as HTML
  Rendering tickets/index.erb within layouts/application
  [1m[36mTicket Load (0.8ms)[0m  [1m[34mSELECT "tickets".* FROM "tickets"[0m
  ↳ app/views/tickets/index.erb:13
  Rendered tickets/index.erb within layouts/application (7.4ms)
Completed 200 OK in 64ms (Views: 57.9ms | ActiveRecord: 0.8ms)


Started GET "/tickets/8" for ::1 at 2018-09-14 11:05:36 +0530
Processing by TicketsController#show as HTML
  Parameters: {"id"=>"8"}
  Rendering tickets/show.erb within layouts/application
  [1m[36mExcavator Load (0.8ms)[0m  [1m[34mSELECT "excavators".* FROM "excavators" WHERE "excavators"."ticket_id" = $1[0m  [["ticket_id", 8]]
  ↳ app/views/tickets/show.erb:11
  Rendered tickets/show.erb within layouts/application (3.4ms)
Completed 200 OK in 37ms (Views: 31.8ms | ActiveRecord: 0.8ms)


